<?xml version="1.0" encoding="UTF-8"?>
<testsuite xmlns:xsi="http://www.w3.org/2001/XMLSchema-instance" xsi:noNamespaceSchemaLocation="https://maven.apache.org/surefire/maven-surefire-plugin/xsd/surefire-test-report.xsd" name="com.derekdileo.app.MainTest" time="0.049" tests="4" errors="0" skipped="0" failures="0">
  <properties>
[...]
</properties>
  <testcase name="fibShouldNotReturn34ForFibOf10" classname="com.derekdileo.app.MainTest" time="0.009"/>
  <testcase name="fibShouldReturnNumBecauseNumEqualsOne" classname="com.derekdileo.app.MainTest" time="0"/>
  <testcase name="fibShouldReturnNumbBecauseLessThanOrEqualToOne" classname="com.derekdileo.app.MainTest" time="0.001"/>
  <testcase name="fibShouldReturn55ForFibOf10" classname="com.derekdileo.app.MainTest" time="0"/>
</testsuite>